This file contains any messages produced by compilers while
running configure, to aid debugging if configure makes a mistake.

It was created by sbagen configure 1.4.5.1, which was
generated by GNU Autoconf 2.69.  Invocation command line was

  $ ./configure CFLAGS=-DT_LINUX -I.oldlib/ LDFLAGS=-L.oldlib/ -lm -lpthread CXXFLAGS=-DT_LINUX -I.oldlib/ --no-create --no-recursion

## --------- ##
## Platform. ##
## --------- ##

hostname = DESKTOP-M81O7C8
uname -m = x86_64
uname -r = 4.4.0-19041-Microsoft
uname -s = Linux
uname -v = #1-Microsoft Fri Dec 06 14:06:00 PST 2019

/usr/bin/uname -p = unknown
/bin/uname -X     = unknown

/bin/arch              = unknown
/usr/bin/arch -k       = unknown
/usr/convex/getsysinfo = unknown
/usr/bin/hostinfo      = unknown
/bin/machine           = unknown
/usr/bin/oslevel       = unknown
/bin/universe          = unknown

PATH: /usr/local/gcc-6.5/bin
PATH: /usr/local/sbin
PATH: /usr/local/bin
PATH: /usr/sbin
PATH: /usr/bin
PATH: /sbin
PATH: /bin
PATH: /usr/games
PATH: /usr/local/games
PATH: /mnt/c/Python27/
PATH: /mnt/c/Python27/Scripts
PATH: /mnt/c/Program Files/Microsoft MPI/Bin/
PATH: /mnt/c/Program Files (x86)/Common Files/Oracle/Java/javapath
PATH: /mnt/c/Windows/System32
PATH: /mnt/c/Windows
PATH: /mnt/c/Windows/System32/wbem
PATH: /mnt/c/Windows/System32/WindowsPowerShell/v1.0/
PATH: /mnt/c/Windows/System32/OpenSSH/
PATH: /mnt/c/Program Files (x86)/NVIDIA Corporation/PhysX/Common
PATH: /mnt/c/Program Files (x86)/GnuPG/bin
PATH: /mnt/c/Program Files (x86)/dotnet/
PATH: /mnt/c/Program Files (x86)/GTK2-Runtime/bin
PATH: /mnt/c/Program Files (x86)/SINE
PATH: /mnt/c/Program Files/NVIDIA Corporation/NVIDIA NvDLISR
PATH: /mnt/c/Program Files (x86)/Microsoft Visual Studio 10.0/VC/bin
PATH: /mnt/c/Program Files/NASM
PATH: /mnt/c/Program Files (x86)/Java/jre1.8.0_231/bin
PATH: /mnt/c/Program Files (x86)/FLAC Frontend/tools
PATH: /mnt/c/Program Files (x86)/Microsoft SDKs/Windows/v7.0A/Bin
PATH: /mnt/c/Program Files (x86)/Microsoft SDKs/Windows/v7.0A
PATH: /mnt/c/Program Files (x86)/MSBuild/14.0/Bin
PATH: /mnt/c/Program Files (x86)/MSBuild/14.0
PATH: /mnt/c/Program Files (x86)/HTML Help Workshop
PATH: /mnt/c/Program Files/HTML Help Workshop
PATH: /mnt/c/Program Files (x86)/Microsoft Visual Studio 10.0/Team Tools/Performance Tools
PATH: /mnt/c/Program Files (x86)/Microsoft Visual Studio 10.0/Common7/IDE
PATH: /mnt/c/Program Files (x86)/Microsoft Visual Studio 2010 SDK SP1/VisualStudioIntegration/Tools/Bin
PATH: /mnt/c/Program Files (x86)/Microsoft Visual Studio 2010 SDK SP1/VisualStudioIntegration/Common
PATH: /mnt/c/Program Files (x86)/Microsoft Visual Studio 2010 SDK SP1/VisualStudioIntegration/Tools
PATH: /mnt/c/Program Files (x86)/Microsoft SQL Server/100/Tools/Binn/
PATH: /mnt/c/Program Files/Microsoft SQL Server/100/Tools/Binn/
PATH: /mnt/c/Program Files/Microsoft SQL Server/100/DTS/Binn/
PATH: /mnt/c/Program Files (x86)/CSR/CSR Harmony Wireless Software Stack/
PATH: /mnt/c/Program Files/doxygen/bin
PATH: /mnt/c/cygwin64/bin
PATH: /mnt/c/Windows/System32
PATH: /mnt/c/Windows
PATH: /mnt/c/Windows/System32/wbem
PATH: /mnt/c/Windows/System32/WindowsPowerShell/v1.0/
PATH: /mnt/c/Windows/System32/OpenSSH/
PATH: /mnt/c/Program Files/dotnet/
PATH: /mnt/c/Program Files/NVIDIA GPU Computing Toolkit/CUDA/v10.0/libnvvp
PATH: /mnt/c/Program Files/NVIDIA GPU Computing Toolkit/CUDA/v10.0/bin
PATH: /mnt/c/Strawberry64/c/bin
PATH: /mnt/c/Strawberry64/perl/site/bin
PATH: /mnt/c/Strawberry64/perl/bin
PATH: /mnt/c/Program Files/PowerShell/6/
PATH: /mnt/f/YTDL
PATH: /mnt/c/Program Files/nodejs/
PATH: /mnt/c/ProgramData/chocolatey/bin
PATH: /mnt/c/Python27
PATH: /mnt/c/Program Files/Microsoft SQL Server/130/Tools/Binn/
PATH: /mnt/c/Program Files (x86)/IncrediBuild
PATH: /mnt/c/Program Files (x86)/Microsoft Emulator Manager/1.0/
PATH: /mnt/c/Program Files/NVIDIA Corporation/Nsight Compute 2019.5.0/
PATH: /mnt/c/Program Files/Microsoft VS Code/bin
PATH: /mnt/f/DL/cocos2d-x-4.0/cocos2d-x-4.0/templates
PATH: /mnt/f/DL/cocos2d-x-4.0/cocos2d-x-4.0/tools/cocos2d-console/bin
PATH: /mnt/c/Users/Deadjim/AppData/Local/Programs/Python/Python37-32/Scripts/
PATH: /mnt/c/Users/Deadjim/AppData/Local/Programs/Python/Python37-32/
PATH: /mnt/c/Users/Deadjim/AppData/Local/Microsoft/WindowsApps
PATH: /mnt/c/Users/Deadjim/AppData/Local/GitHubDesktop/bin
PATH: /mnt/c/Users/Deadjim/AppData/Local/Keybase/
PATH: /mnt/c/Users/Deadjim/AppData/Local/Microsoft/WindowsApps
PATH: /mnt/c/Users/Deadjim/AppData/Roaming/npm
PATH: /snap/bin


## ----------- ##
## Core tests. ##
## ----------- ##

configure:1924: checking for a BSD-compatible install
configure:1992: result: /usr/bin/install -c
configure:2003: checking whether build environment is sane
configure:2058: result: yes
configure:2209: checking for a thread-safe mkdir -p
configure:2248: result: /bin/mkdir -p
configure:2255: checking for gawk
configure:2271: found /usr/bin/gawk
configure:2282: result: gawk
configure:2293: checking whether make sets $(MAKE)
configure:2315: result: yes
configure:2344: checking whether make supports nested variables
configure:2361: result: yes
configure:2545: checking for pkg-config
configure:2563: found /usr/bin/pkg-config
configure:2575: result: /usr/bin/pkg-config
configure:2600: checking pkg-config is at least version 0.9.0
configure:2603: result: yes
configure:2613: checking for MAD
configure:2620: $PKG_CONFIG --exists --print-errors "mad >= $MAD_REQUIRED_VERSION"
configure:2623: $? = 0
configure:2637: $PKG_CONFIG --exists --print-errors "mad >= $MAD_REQUIRED_VERSION"
configure:2640: $? = 0
configure:2698: result: yes
configure:2704: checking for OGG
configure:2711: $PKG_CONFIG --exists --print-errors "ogg >= $OGG_REQUIRED_VERSION"
configure:2714: $? = 0
configure:2728: $PKG_CONFIG --exists --print-errors "ogg >= $OGG_REQUIRED_VERSION"
configure:2731: $? = 0
configure:2789: result: yes
configure:2795: checking for VORBIS
configure:2802: $PKG_CONFIG --exists --print-errors "vorbisfile >= $VORBIS_REQUIRED_VERSION"
configure:2805: $? = 0
configure:2819: $PKG_CONFIG --exists --print-errors "vorbisfile >= $VORBIS_REQUIRED_VERSION"
configure:2822: $? = 0
configure:2880: result: yes
configure:2936: checking for gcc
configure:2963: result: gcc
configure:3192: checking for C compiler version
configure:3201: gcc --version >&5
gcc (Ubuntu 7.4.0-1ubuntu1~18.04.1) 7.4.0
Copyright (C) 2017 Free Software Foundation, Inc.
This is free software; see the source for copying conditions.  There is NO
warranty; not even for MERCHANTABILITY or FITNESS FOR A PARTICULAR PURPOSE.

configure:3212: $? = 0
configure:3201: gcc -v >&5
Using built-in specs.
COLLECT_GCC=gcc
COLLECT_LTO_WRAPPER=/usr/lib/gcc/x86_64-linux-gnu/7/lto-wrapper
OFFLOAD_TARGET_NAMES=nvptx-none
OFFLOAD_TARGET_DEFAULT=1
Target: x86_64-linux-gnu
Configured with: ../src/configure -v --with-pkgversion='Ubuntu 7.4.0-1ubuntu1~18.04.1' --with-bugurl=file:///usr/share/doc/gcc-7/README.Bugs --enable-languages=c,ada,c++,go,brig,d,fortran,objc,obj-c++ --prefix=/usr --with-gcc-major-version-only --program-suffix=-7 --program-prefix=x86_64-linux-gnu- --enable-shared --enable-linker-build-id --libexecdir=/usr/lib --without-included-gettext --enable-threads=posix --libdir=/usr/lib --enable-nls --with-sysroot=/ --enable-clocale=gnu --enable-libstdcxx-debug --enable-libstdcxx-time=yes --with-default-libstdcxx-abi=new --enable-gnu-unique-object --disable-vtable-verify --enable-libmpx --enable-plugin --enable-default-pie --with-system-zlib --with-target-system-zlib --enable-objc-gc=auto --enable-multiarch --disable-werror --with-arch-32=i686 --with-abi=m64 --with-multilib-list=m32,m64,mx32 --enable-multilib --with-tune=generic --enable-offload-targets=nvptx-none --without-cuda-driver --enable-checking=release --build=x86_64-linux-gnu --host=x86_64-linux-gnu --target=x86_64-linux-gnu
Thread model: posix
gcc version 7.4.0 (Ubuntu 7.4.0-1ubuntu1~18.04.1) 
configure:3212: $? = 0
configure:3201: gcc -V >&5
gcc: error: unrecognized command line option '-V'
gcc: fatal error: no input files
compilation terminated.
configure:3212: $? = 1
configure:3201: gcc -qversion >&5
gcc: error: unrecognized command line option '-qversion'; did you mean '--version'?
gcc: fatal error: no input files
compilation terminated.
configure:3212: $? = 1
configure:3232: checking whether the C compiler works
configure:3254: gcc -DT_LINUX -I.oldlib/  -L.oldlib/ -lm -lpthread conftest.c  >&5
configure:3258: $? = 0
configure:3306: result: yes
configure:3309: checking for C compiler default output file name
configure:3311: result: a.out
configure:3317: checking for suffix of executables
configure:3324: gcc -o conftest -DT_LINUX -I.oldlib/  -L.oldlib/ -lm -lpthread conftest.c  >&5
configure:3328: $? = 0
configure:3350: result: 
configure:3372: checking whether we are cross compiling
configure:3380: gcc -o conftest -DT_LINUX -I.oldlib/  -L.oldlib/ -lm -lpthread conftest.c  >&5
configure:3384: $? = 0
configure:3391: ./conftest
configure:3395: $? = 0
configure:3410: result: no
configure:3415: checking for suffix of object files
configure:3437: gcc -c -DT_LINUX -I.oldlib/  conftest.c >&5
configure:3441: $? = 0
configure:3462: result: o
configure:3466: checking whether we are using the GNU C compiler
configure:3485: gcc -c -DT_LINUX -I.oldlib/  conftest.c >&5
configure:3485: $? = 0
configure:3494: result: yes
configure:3503: checking whether gcc accepts -g
configure:3523: gcc -c -g  conftest.c >&5
configure:3523: $? = 0
configure:3564: result: yes
configure:3581: checking for gcc option to accept ISO C89
configure:3644: gcc  -c -DT_LINUX -I.oldlib/  conftest.c >&5
configure:3644: $? = 0
configure:3657: result: none needed
configure:3682: checking whether gcc understands -c and -o together
configure:3704: gcc -c conftest.c -o conftest2.o
configure:3707: $? = 0
configure:3704: gcc -c conftest.c -o conftest2.o
configure:3707: $? = 0
configure:3719: result: yes
configure:3747: checking for style of include used by make
configure:3775: result: GNU
configure:3801: checking dependency style of gcc
configure:3912: result: gcc3
configure:3986: checking for g++
configure:4002: found /usr/bin/g++
configure:4013: result: g++
configure:4040: checking for C++ compiler version
configure:4049: g++ --version >&5
g++ (Ubuntu 7.4.0-1ubuntu1~18.04.1) 7.4.0
Copyright (C) 2017 Free Software Foundation, Inc.
This is free software; see the source for copying conditions.  There is NO
warranty; not even for MERCHANTABILITY or FITNESS FOR A PARTICULAR PURPOSE.

configure:4060: $? = 0
configure:4049: g++ -v >&5
Using built-in specs.
COLLECT_GCC=g++
COLLECT_LTO_WRAPPER=/usr/lib/gcc/x86_64-linux-gnu/7/lto-wrapper
OFFLOAD_TARGET_NAMES=nvptx-none
OFFLOAD_TARGET_DEFAULT=1
Target: x86_64-linux-gnu
Configured with: ../src/configure -v --with-pkgversion='Ubuntu 7.4.0-1ubuntu1~18.04.1' --with-bugurl=file:///usr/share/doc/gcc-7/README.Bugs --enable-languages=c,ada,c++,go,brig,d,fortran,objc,obj-c++ --prefix=/usr --with-gcc-major-version-only --program-suffix=-7 --program-prefix=x86_64-linux-gnu- --enable-shared --enable-linker-build-id --libexecdir=/usr/lib --without-included-gettext --enable-threads=posix --libdir=/usr/lib --enable-nls --with-sysroot=/ --enable-clocale=gnu --enable-libstdcxx-debug --enable-libstdcxx-time=yes --with-default-libstdcxx-abi=new --enable-gnu-unique-object --disable-vtable-verify --enable-libmpx --enable-plugin --enable-default-pie --with-system-zlib --with-target-system-zlib --enable-objc-gc=auto --enable-multiarch --disable-werror --with-arch-32=i686 --with-abi=m64 --with-multilib-list=m32,m64,mx32 --enable-multilib --with-tune=generic --enable-offload-targets=nvptx-none --without-cuda-driver --enable-checking=release --build=x86_64-linux-gnu --host=x86_64-linux-gnu --target=x86_64-linux-gnu
Thread model: posix
gcc version 7.4.0 (Ubuntu 7.4.0-1ubuntu1~18.04.1) 
configure:4060: $? = 0
configure:4049: g++ -V >&5
g++: error: unrecognized command line option '-V'
g++: fatal error: no input files
compilation terminated.
configure:4060: $? = 1
configure:4049: g++ -qversion >&5
g++: error: unrecognized command line option '-qversion'; did you mean '--version'?
g++: fatal error: no input files
compilation terminated.
configure:4060: $? = 1
configure:4064: checking whether we are using the GNU C++ compiler
configure:4083: g++ -c -DT_LINUX -I.oldlib/  conftest.cpp >&5
configure:4083: $? = 0
configure:4092: result: yes
configure:4101: checking whether g++ accepts -g
configure:4121: g++ -c -g  conftest.cpp >&5
configure:4121: $? = 0
configure:4162: result: yes
configure:4187: checking dependency style of g++
configure:4298: result: gcc3
configure:4461: checking that generated files are newer than configure
configure:4467: result: done
configure:4494: creating ./config.status

## ---------------- ##
## Cache variables. ##
## ---------------- ##

ac_cv_c_compiler_gnu=yes
ac_cv_cxx_compiler_gnu=yes
ac_cv_env_CCC_set=
ac_cv_env_CCC_value=
ac_cv_env_CC_set=set
ac_cv_env_CC_value=gcc
ac_cv_env_CFLAGS_set=set
ac_cv_env_CFLAGS_value='-DT_LINUX -I.oldlib/'
ac_cv_env_CPPFLAGS_set=
ac_cv_env_CPPFLAGS_value=
ac_cv_env_CXXFLAGS_set=set
ac_cv_env_CXXFLAGS_value='-DT_LINUX -I.oldlib/'
ac_cv_env_CXX_set=
ac_cv_env_CXX_value=
ac_cv_env_LDFLAGS_set=set
ac_cv_env_LDFLAGS_value='-L.oldlib/ -lm -lpthread'
ac_cv_env_LIBS_set=
ac_cv_env_LIBS_value=
ac_cv_env_MAD_CFLAGS_set=
ac_cv_env_MAD_CFLAGS_value=
ac_cv_env_MAD_LIBS_set=
ac_cv_env_MAD_LIBS_value=
ac_cv_env_OGG_CFLAGS_set=
ac_cv_env_OGG_CFLAGS_value=
ac_cv_env_OGG_LIBS_set=
ac_cv_env_OGG_LIBS_value=
ac_cv_env_PKG_CONFIG_LIBDIR_set=
ac_cv_env_PKG_CONFIG_LIBDIR_value=
ac_cv_env_PKG_CONFIG_PATH_set=
ac_cv_env_PKG_CONFIG_PATH_value=
ac_cv_env_PKG_CONFIG_set=
ac_cv_env_PKG_CONFIG_value=
ac_cv_env_VORBIS_CFLAGS_set=
ac_cv_env_VORBIS_CFLAGS_value=
ac_cv_env_VORBIS_LIBS_set=
ac_cv_env_VORBIS_LIBS_value=
ac_cv_env_build_alias_set=
ac_cv_env_build_alias_value=
ac_cv_env_host_alias_set=
ac_cv_env_host_alias_value=
ac_cv_env_target_alias_set=
ac_cv_env_target_alias_value=
ac_cv_objext=o
ac_cv_path_ac_pt_PKG_CONFIG=/usr/bin/pkg-config
ac_cv_path_install='/usr/bin/install -c'
ac_cv_path_mkdir=/bin/mkdir
ac_cv_prog_AWK=gawk
ac_cv_prog_ac_ct_CC=gcc
ac_cv_prog_ac_ct_CXX=g++
ac_cv_prog_cc_c89=
ac_cv_prog_cc_g=yes
ac_cv_prog_cxx_g=yes
ac_cv_prog_make_make_set=yes
am_cv_CC_dependencies_compiler_type=gcc3
am_cv_CXX_dependencies_compiler_type=gcc3
am_cv_make_support_nested_variables=yes
am_cv_prog_cc_c_o=yes
pkg_cv_MAD_CFLAGS=
pkg_cv_MAD_LIBS=-lmad
pkg_cv_OGG_CFLAGS=
pkg_cv_OGG_LIBS=-logg
pkg_cv_VORBIS_CFLAGS=
pkg_cv_VORBIS_LIBS=-lvorbisfile

## ----------------- ##
## Output variables. ##
## ----------------- ##

ACLOCAL='${SHELL} /home/deadjim/sbagen-alsa/missing aclocal-1.15'
AC_CFLAGS=''
AC_CXXFLAGS=''
AC_LIBS=''
AMDEPBACKSLASH='\'
AMDEP_FALSE='#'
AMDEP_TRUE=''
AMTAR='$${TAR-tar}'
AM_BACKSLASH='\'
AM_DEFAULT_V='$(AM_DEFAULT_VERBOSITY)'
AM_DEFAULT_VERBOSITY='1'
AM_V='$(V)'
AUTOCONF='${SHELL} /home/deadjim/sbagen-alsa/missing autoconf'
AUTOHEADER='${SHELL} /home/deadjim/sbagen-alsa/missing autoheader'
AUTOMAKE='${SHELL} /home/deadjim/sbagen-alsa/missing automake-1.15'
AWK='gawk'
CC='gcc'
CCDEPMODE='depmode=gcc3'
CFLAGS='-DT_LINUX -I.oldlib/'
CPPFLAGS=''
CXX='g++'
CXXDEPMODE='depmode=gcc3'
CXXFLAGS='-DT_LINUX -I.oldlib/'
CYGPATH_W='echo'
DEFS='-DPACKAGE_NAME=\"sbagen\" -DPACKAGE_TARNAME=\"sbagen\" -DPACKAGE_VERSION=\"1.4.5.1\" -DPACKAGE_STRING=\"sbagen\ 1.4.5.1\" -DPACKAGE_BUGREPORT=\"\" -DPACKAGE_URL=\"\" -DPACKAGE=\"sbagen\" -DVERSION=\"1.4.5.1\"'
DEPDIR='.deps'
ECHO_C=''
ECHO_N='-n'
ECHO_T=''
EXEEXT=''
INSTALL_DATA='${INSTALL} -m 644'
INSTALL_PROGRAM='${INSTALL}'
INSTALL_SCRIPT='${INSTALL}'
INSTALL_STRIP_PROGRAM='$(install_sh) -c -s'
LDFLAGS='-L.oldlib/ -lm -lpthread'
LIBOBJS=''
LIBS=''
LTLIBOBJS=''
MAD_CFLAGS=''
MAD_LIBS='-lmad'
MAKEINFO='${SHELL} /home/deadjim/sbagen-alsa/missing makeinfo'
MKDIR_P='/bin/mkdir -p'
OBJEXT='o'
OGG_CFLAGS=''
OGG_LIBS='-logg'
PACKAGE='sbagen'
PACKAGE_BUGREPORT=''
PACKAGE_NAME='sbagen'
PACKAGE_STRING='sbagen 1.4.5.1'
PACKAGE_TARNAME='sbagen'
PACKAGE_URL=''
PACKAGE_VERSION='1.4.5.1'
PATH_SEPARATOR=':'
PKG_CONFIG='/usr/bin/pkg-config'
PKG_CONFIG_LIBDIR=''
PKG_CONFIG_PATH=''
SET_MAKE=''
SHELL='/bin/bash'
STRIP=''
VERSION='1.4.5.1'
VORBIS_CFLAGS=''
VORBIS_LIBS='-lvorbisfile'
ac_ct_CC='gcc'
ac_ct_CXX='g++'
am__EXEEXT_FALSE=''
am__EXEEXT_TRUE='#'
am__fastdepCC_FALSE='#'
am__fastdepCC_TRUE=''
am__fastdepCXX_FALSE='#'
am__fastdepCXX_TRUE=''
am__include='include'
am__isrc=''
am__leading_dot='.'
am__nodep='_no'
am__quote=''
am__tar='$${TAR-tar} chof - "$$tardir"'
am__untar='$${TAR-tar} xf -'
bindir='${exec_prefix}/bin'
build_alias=''
datadir='${datarootdir}'
datarootdir='${prefix}/share'
docdir='${datarootdir}/doc/${PACKAGE_TARNAME}'
dvidir='${docdir}'
exec_prefix='${prefix}'
host_alias=''
htmldir='${docdir}'
includedir='${prefix}/include'
infodir='${datarootdir}/info'
install_sh='${SHELL} /home/deadjim/sbagen-alsa/install-sh'
libdir='${exec_prefix}/lib'
libexecdir='${exec_prefix}/libexec'
localedir='${datarootdir}/locale'
localstatedir='${prefix}/var'
mandir='${datarootdir}/man'
mkdir_p='$(MKDIR_P)'
oldincludedir='/usr/include'
pdfdir='${docdir}'
prefix='/usr/local'
program_transform_name='s,x,x,'
psdir='${docdir}'
runstatedir='${localstatedir}/run'
sbindir='${exec_prefix}/sbin'
sharedstatedir='${prefix}/com'
sysconfdir='${prefix}/etc'
target_alias=''

## ----------- ##
## confdefs.h. ##
## ----------- ##

/* confdefs.h */
#define PACKAGE_NAME "sbagen"
#define PACKAGE_TARNAME "sbagen"
#define PACKAGE_VERSION "1.4.5.1"
#define PACKAGE_STRING "sbagen 1.4.5.1"
#define PACKAGE_BUGREPORT ""
#define PACKAGE_URL ""
#define PACKAGE "sbagen"
#define VERSION "1.4.5.1"

configure: exit 0

## ---------------------- ##
## Running config.status. ##
## ---------------------- ##

This file was extended by sbagen config.status 1.4.5.1, which was
generated by GNU Autoconf 2.69.  Invocation command line was

  CONFIG_FILES    = 
  CONFIG_HEADERS  = 
  CONFIG_LINKS    = 
  CONFIG_COMMANDS = 
  $ ./config.status 

on DESKTOP-M81O7C8

config.status:791: creating Makefile
config.status:963: executing depfiles commands
